<?xml version="1.0" encoding="UTF-8"?>
<testng-results ignored="0" total="1" passed="1" failed="0" skipped="0">
  <reporter-output>
  </reporter-output>
  <suite started-at="2019-08-01T21:01:28Z" name="Default suite" finished-at="2019-08-01T21:01:33Z" duration-ms="5236">
    <groups>
    </groups>
    <test started-at="2019-08-01T21:01:28Z" name="Default test" finished-at="2019-08-01T21:01:33Z" duration-ms="5236">
      <class name="com.projectDemo.launchChrome">
        <test-method signature="launch()[pri:0, instance:com.projectDemo.launchChrome@402bba4f]" started-at="2019-08-01T21:01:28Z" name="launch" finished-at="2019-08-01T21:01:33Z" duration-ms="5200" status="PASS">
          <reporter-output>
          </reporter-output>
        </test-method> <!-- launch -->
      </class> <!-- com.projectDemo.launchChrome -->
    </test> <!-- Default test -->
  </suite> <!-- Default suite -->
</testng-results>
